# JRE version: OpenJDK Runtime Environment Temurin-17.0.3+7 (17.0.3+7) (build 17.0.3+7)
# Java VM: OpenJDK 64-Bit Server VM Temurin-17.0.3+7 (17.0.3+7, mixed mode, emulated-client, tiered, compressed oops, compressed class ptrs, g1 gc, windows-amd64)
GC Precious Log:
 CPUs: 4 total, 4 available
 Memory: 3961M
 Large Page Support: Disabled
 NUMA Support: Disabled
 Compressed Oops: Enabled (32-bit)
 Heap Region Size: 1M
 Heap Min Capacity: 8M
 Heap Initial Capacity: 62M
 Heap Max Capacity: 992M
 Pre-touch: Disabled
 Parallel Workers: 4
 Concurrent Workers: 1
 Concurrent Refinement Workers: 4
 Periodic GC: Disabled
Heap:
 garbage-first heap   total 66560K, used 34496K [0x00000000c2000000, 0x0000000100000000)
  region size 1024K, 9 young (9216K), 2 survivors (2048K)
 Metaspace       used 67079K, committed 67520K, reserved 1114112K
  class space    used 9104K, committed 9280K, reserved 1048576K
GC Heap History (20 events):
Event: 4.526 GC heap before
{Heap before GC invocations=12 (full 0):
 garbage-first heap   total 46080K, used 34068K [0x00000000c2000000, 0x0000000100000000)
  region size 1024K, 21 young (21504K), 3 survivors (3072K)
 Metaspace       used 38366K, committed 38784K, reserved 1089536K
  class space    used 4942K, committed 5120K, reserved 1048576K
}
Event: 4.534 GC heap after
{Heap after GC invocations=13 (full 0):
 garbage-first heap   total 46080K, used 18442K [0x00000000c2000000, 0x0000000100000000)
  region size 1024K, 3 young (3072K), 3 survivors (3072K)
 Metaspace       used 38366K, committed 38784K, reserved 1089536K
  class space    used 4942K, committed 5120K, reserved 1048576K
}
Event: 4.960 GC heap before
{Heap before GC invocations=13 (full 0):
 garbage-first heap   total 46080K, used 33802K [0x00000000c2000000, 0x0000000100000000)
  region size 1024K, 19 young (19456K), 3 survivors (3072K)
 Metaspace       used 40840K, committed 41216K, reserved 1089536K
  class space    used 5197K, committed 5376K, reserved 1048576K
}
Event: 4.969 GC heap after
{Heap after GC invocations=14 (full 0):
 garbage-first heap   total 46080K, used 20185K [0x00000000c2000000, 0x0000000100000000)
  region size 1024K, 2 young (2048K), 2 survivors (2048K)
 Metaspace       used 40840K, committed 41216K, reserved 1089536K
  class space    used 5197K, committed 5376K, reserved 1048576K
}
Event: 5.464 GC heap before
{Heap before GC invocations=14 (full 0):
 garbage-first heap   total 46080K, used 34521K [0x00000000c2000000, 0x0000000100000000)
  region size 1024K, 16 young (16384K), 2 survivors (2048K)
 Metaspace       used 46633K, committed 47104K, reserved 1097728K
  class space    used 5914K, committed 6144K, reserved 1048576K
}
Event: 5.471 GC heap after
{Heap after GC invocations=15 (full 0):
 garbage-first heap   total 55296K, used 21847K [0x00000000c2000000, 0x0000000100000000)
  region size 1024K, 2 young (2048K), 2 survivors (2048K)
 Metaspace       used 46633K, committed 47104K, reserved 1097728K
  class space    used 5914K, committed 6144K, reserved 1048576K
}
Event: 5.859 GC heap before
{Heap before GC invocations=15 (full 0):
 garbage-first heap   total 55296K, used 42327K [0x00000000c2000000, 0x0000000100000000)
  region size 1024K, 22 young (22528K), 2 survivors (2048K)
 Metaspace       used 49200K, committed 49600K, reserved 1097728K
  class space    used 6279K, committed 6464K, reserved 1048576K
}
Event: 5.864 GC heap after
{Heap after GC invocations=16 (full 0):
 garbage-first heap   total 55296K, used 22924K [0x00000000c2000000, 0x0000000100000000)
  region size 1024K, 2 young (2048K), 2 survivors (2048K)
 Metaspace       used 49200K, committed 49600K, reserved 1097728K
  class space    used 6279K, committed 6464K, reserved 1048576K
}
Event: 6.389 GC heap before
{Heap before GC invocations=16 (full 0):
 garbage-first heap   total 55296K, used 42380K [0x00000000c2000000, 0x0000000100000000)
  region size 1024K, 21 young (21504K), 2 survivors (2048K)
 Metaspace       used 54038K, committed 54464K, reserved 1097728K
  class space    used 7139K, committed 7360K, reserved 1048576K
}
Event: 6.393 GC heap after
{Heap after GC invocations=17 (full 0):
 garbage-first heap   total 55296K, used 23972K [0x00000000c2000000, 0x0000000100000000)
  region size 1024K, 3 young (3072K), 3 survivors (3072K)
 Metaspace       used 54038K, committed 54464K, reserved 1097728K
  class space    used 7139K, committed 7360K, reserved 1048576K
}
Event: 6.894 GC heap before
{Heap before GC invocations=17 (full 0):
 garbage-first heap   total 55296K, used 41380K [0x00000000c2000000, 0x0000000100000000)
  region size 1024K, 21 young (21504K), 3 survivors (3072K)
 Metaspace       used 58684K, committed 59072K, reserved 1105920K
  class space    used 7855K, committed 8064K, reserved 1048576K
}
Event: 6.899 GC heap after
{Heap after GC invocations=18 (full 0):
 garbage-first heap   total 55296K, used 24838K [0x00000000c2000000, 0x0000000100000000)
  region size 1024K, 2 young (2048K), 2 survivors (2048K)
 Metaspace       used 58684K, committed 59072K, reserved 1105920K
  class space    used 7855K, committed 8064K, reserved 1048576K
}
Event: 7.132 GC heap before
{Heap before GC invocations=18 (full 0):
 garbage-first heap   total 55296K, used 33030K [0x00000000c2000000, 0x0000000100000000)
  region size 1024K, 11 young (11264K), 2 survivors (2048K)
 Metaspace       used 60393K, committed 60736K, reserved 1105920K
  class space    used 8133K, committed 8320K, reserved 1048576K
}
Event: 7.137 GC heap after
{Heap after GC invocations=19 (full 0):
 garbage-first heap   total 55296K, used 25225K [0x00000000c2000000, 0x0000000100000000)
  region size 1024K, 2 young (2048K), 2 survivors (2048K)
 Metaspace       used 60393K, committed 60736K, reserved 1105920K
  class space    used 8133K, committed 8320K, reserved 1048576K
}
Event: 7.642 GC heap before
{Heap before GC invocations=20 (full 0):
 garbage-first heap   total 55296K, used 42633K [0x00000000c2000000, 0x0000000100000000)
  region size 1024K, 20 young (20480K), 2 survivors (2048K)
 Metaspace       used 63343K, committed 63808K, reserved 1105920K
  class space    used 8558K, committed 8768K, reserved 1048576K
}
Event: 7.648 GC heap after
{Heap after GC invocations=21 (full 0):
 garbage-first heap   total 55296K, used 26737K [0x00000000c2000000, 0x0000000100000000)
  region size 1024K, 3 young (3072K), 3 survivors (3072K)
 Metaspace       used 63343K, committed 63808K, reserved 1105920K
  class space    used 8558K, committed 8768K, reserved 1048576K
}
Event: 7.873 GC heap before
{Heap before GC invocations=22 (full 0):
 garbage-first heap   total 55296K, used 44145K [0x00000000c2000000, 0x0000000100000000)
  region size 1024K, 20 young (20480K), 3 survivors (3072K)
 Metaspace       used 64442K, committed 64832K, reserved 1105920K
  class space    used 8719K, committed 8896K, reserved 1048576K
}
Event: 7.879 GC heap after
{Heap after GC invocations=23 (full 0):
 garbage-first heap   total 55296K, used 27464K [0x00000000c2000000, 0x0000000100000000)
  region size 1024K, 3 young (3072K), 3 survivors (3072K)
 Metaspace       used 64442K, committed 64832K, reserved 1105920K
  class space    used 8719K, committed 8896K, reserved 1048576K
}
Event: 8.159 GC heap before
{Heap before GC invocations=23 (full 0):
 garbage-first heap   total 55296K, used 43848K [0x00000000c2000000, 0x0000000100000000)
  region size 1024K, 19 young (19456K), 3 survivors (3072K)
 Metaspace       used 65983K, committed 66368K, reserved 1114112K
  class space    used 8950K, committed 9152K, reserved 1048576K
}
Event: 8.166 GC heap after
{Heap after GC invocations=24 (full 0):
 garbage-first heap   total 66560K, used 28352K [0x00000000c2000000, 0x0000000100000000)
  region size 1024K, 2 young (2048K), 2 survivors (2048K)
 Metaspace       used 65983K, committed 66368K, reserved 1114112K
  class space    used 8950K, committed 9152K, reserved 1048576K
}

