# JRE version: OpenJDK Runtime Environment Temurin-17.0.3+7 (17.0.3+7) (build 17.0.3+7)
# Java VM: OpenJDK 64-Bit Server VM Temurin-17.0.3+7 (17.0.3+7, mixed mode, emulated-client, tiered, compressed oops, compressed class ptrs, g1 gc, windows-amd64)
GC Precious Log:
 CPUs: 4 total, 4 available
 Memory: 3961M
 Large Page Support: Disabled
 NUMA Support: Disabled
 Compressed Oops: Enabled (32-bit)
 Heap Region Size: 1M
 Heap Min Capacity: 8M
 Heap Initial Capacity: 62M
 Heap Max Capacity: 992M
 Pre-touch: Disabled
 Parallel Workers: 4
 Concurrent Workers: 1
 Concurrent Refinement Workers: 4
 Periodic GC: Disabled
Heap:
 garbage-first heap   total 73728K, used 58713K [0x00000000c2000000, 0x0000000100000000)
  region size 1024K, 28 young (28672K), 4 survivors (4096K)
 Metaspace       used 68974K, committed 69440K, reserved 1114112K
  class space    used 9343K, committed 9536K, reserved 1048576K
GC Heap History (20 events):
Event: 20.739 GC heap after
{Heap after GC invocations=25 (full 0):
 garbage-first heap   total 43008K, used 22646K [0x00000000c2000000, 0x0000000100000000)
  region size 1024K, 2 young (2048K), 2 survivors (2048K)
 Metaspace       used 51398K, committed 51776K, reserved 1097728K
  class space    used 6744K, committed 6912K, reserved 1048576K
}
Event: 21.401 GC heap before
{Heap before GC invocations=25 (full 0):
 garbage-first heap   total 43008K, used 33910K [0x00000000c2000000, 0x0000000100000000)
  region size 1024K, 13 young (13312K), 2 survivors (2048K)
 Metaspace       used 54059K, committed 54400K, reserved 1097728K
  class space    used 7152K, committed 7296K, reserved 1048576K
}
Event: 21.406 GC heap after
{Heap after GC invocations=26 (full 0):
 garbage-first heap   total 43008K, used 23379K [0x00000000c2000000, 0x0000000100000000)
  region size 1024K, 2 young (2048K), 2 survivors (2048K)
 Metaspace       used 54059K, committed 54400K, reserved 1097728K
  class space    used 7152K, committed 7296K, reserved 1048576K
}
Event: 21.807 GC heap before
{Heap before GC invocations=27 (full 0):
 garbage-first heap   total 45056K, used 33619K [0x00000000c2000000, 0x0000000100000000)
  region size 1024K, 12 young (12288K), 2 survivors (2048K)
 Metaspace       used 56730K, committed 57152K, reserved 1105920K
  class space    used 7466K, committed 7680K, reserved 1048576K
}
Event: 21.811 GC heap after
{Heap after GC invocations=28 (full 0):
 garbage-first heap   total 45056K, used 23949K [0x00000000c2000000, 0x0000000100000000)
  region size 1024K, 2 young (2048K), 2 survivors (2048K)
 Metaspace       used 56730K, committed 57152K, reserved 1105920K
  class space    used 7466K, committed 7680K, reserved 1048576K
}
Event: 22.326 GC heap before
{Heap before GC invocations=28 (full 0):
 garbage-first heap   total 45056K, used 35213K [0x00000000c2000000, 0x0000000100000000)
  region size 1024K, 13 young (13312K), 2 survivors (2048K)
 Metaspace       used 58851K, committed 59264K, reserved 1105920K
  class space    used 7915K, committed 8128K, reserved 1048576K
}
Event: 22.330 GC heap after
{Heap after GC invocations=29 (full 0):
 garbage-first heap   total 45056K, used 24287K [0x00000000c2000000, 0x0000000100000000)
  region size 1024K, 1 young (1024K), 1 survivors (1024K)
 Metaspace       used 58851K, committed 59264K, reserved 1105920K
  class space    used 7915K, committed 8128K, reserved 1048576K
}
Event: 25.791 GC heap before
{Heap before GC invocations=30 (full 0):
 garbage-first heap   total 45056K, used 36575K [0x00000000c2000000, 0x0000000100000000)
  region size 1024K, 13 young (13312K), 1 survivors (1024K)
 Metaspace       used 61309K, committed 61696K, reserved 1105920K
  class space    used 8265K, committed 8448K, reserved 1048576K
}
Event: 25.798 GC heap after
{Heap after GC invocations=31 (full 0):
 garbage-first heap   total 54272K, used 25337K [0x00000000c2000000, 0x0000000100000000)
  region size 1024K, 2 young (2048K), 2 survivors (2048K)
 Metaspace       used 61309K, committed 61696K, reserved 1105920K
  class space    used 8265K, committed 8448K, reserved 1048576K
}
Event: 26.334 GC heap before
{Heap before GC invocations=31 (full 0):
 garbage-first heap   total 54272K, used 43769K [0x00000000c2000000, 0x0000000100000000)
  region size 1024K, 20 young (20480K), 2 survivors (2048K)
 Metaspace       used 64136K, committed 64576K, reserved 1105920K
  class space    used 8668K, committed 8896K, reserved 1048576K
}
Event: 26.340 GC heap after
{Heap after GC invocations=32 (full 0):
 garbage-first heap   total 54272K, used 26482K [0x00000000c2000000, 0x0000000100000000)
  region size 1024K, 3 young (3072K), 3 survivors (3072K)
 Metaspace       used 64136K, committed 64576K, reserved 1105920K
  class space    used 8668K, committed 8896K, reserved 1048576K
}
Event: 26.647 GC heap before
{Heap before GC invocations=32 (full 0):
 garbage-first heap   total 54272K, used 42866K [0x00000000c2000000, 0x0000000100000000)
  region size 1024K, 19 young (19456K), 3 survivors (3072K)
 Metaspace       used 64894K, committed 65280K, reserved 1105920K
  class space    used 8786K, committed 8960K, reserved 1048576K
}
Event: 26.653 GC heap after
{Heap after GC invocations=33 (full 0):
 garbage-first heap   total 54272K, used 27089K [0x00000000c2000000, 0x0000000100000000)
  region size 1024K, 2 young (2048K), 2 survivors (2048K)
 Metaspace       used 64894K, committed 65280K, reserved 1105920K
  class space    used 8786K, committed 8960K, reserved 1048576K
}
Event: 27.598 GC heap before
{Heap before GC invocations=34 (full 0):
 garbage-first heap   total 54272K, used 44497K [0x00000000c2000000, 0x0000000100000000)
  region size 1024K, 19 young (19456K), 2 survivors (2048K)
 Metaspace       used 67078K, committed 67456K, reserved 1114112K
  class space    used 9108K, committed 9280K, reserved 1048576K
}
Event: 27.604 GC heap after
{Heap after GC invocations=35 (full 0):
 garbage-first heap   total 54272K, used 28380K [0x00000000c2000000, 0x0000000100000000)
  region size 1024K, 2 young (2048K), 2 survivors (2048K)
 Metaspace       used 67078K, committed 67456K, reserved 1114112K
  class space    used 9108K, committed 9280K, reserved 1048576K
}
Event: 28.450 GC heap before
{Heap before GC invocations=35 (full 0):
 garbage-first heap   total 54272K, used 42716K [0x00000000c2000000, 0x0000000100000000)
  region size 1024K, 18 young (18432K), 2 survivors (2048K)
 Metaspace       used 68928K, committed 69376K, reserved 1114112K
  class space    used 9340K, committed 9536K, reserved 1048576K
}
Event: 28.457 GC heap after
{Heap after GC invocations=36 (full 0):
 garbage-first heap   total 54272K, used 30072K [0x00000000c2000000, 0x0000000100000000)
  region size 1024K, 3 young (3072K), 3 survivors (3072K)
 Metaspace       used 68928K, committed 69376K, reserved 1114112K
  class space    used 9340K, committed 9536K, reserved 1048576K
}
Event: 28.602 GC heap before
{Heap before GC invocations=36 (full 0):
 garbage-first heap   total 73728K, used 43384K [0x00000000c2000000, 0x0000000100000000)
  region size 1024K, 16 young (16384K), 3 survivors (3072K)
 Metaspace       used 68880K, committed 69376K, reserved 1114112K
  class space    used 9329K, committed 9536K, reserved 1048576K
}
Event: 28.610 GC heap after
{Heap after GC invocations=37 (full 0):
 garbage-first heap   total 73728K, used 33113K [0x00000000c2000000, 0x0000000100000000)
  region size 1024K, 2 young (2048K), 2 survivors (2048K)
 Metaspace       used 68880K, committed 69376K, reserved 1114112K
  class space    used 9329K, committed 9536K, reserved 1048576K
}
Event: 28.925 GC heap before
{Heap before GC invocations=38 (full 0):
 garbage-first heap   total 73728K, used 57689K [0x00000000c2000000, 0x0000000100000000)
  region size 1024K, 26 young (26624K), 2 survivors (2048K)
 Metaspace       used 68974K, committed 69440K, reserved 1114112K
  class space    used 9343K, committed 9536K, reserved 1048576K
}

